  stdafx.cpp
  cEventHandler.cpp
cEventHandler.cpp(8): warning C4627: '#include "cEventHandler.h"': skipped when looking for precompiled header use
  cEventHandler.cpp(8): note: Add directive to 'stdafx.h' or rebuild precompiled header
cEventHandler.cpp(9): warning C4627: '#include <iostream>': skipped when looking for precompiled header use
  cEventHandler.cpp(9): note: Add directive to 'stdafx.h' or rebuild precompiled header
cEventHandler.cpp(83): fatal error C1010: unexpected end of file while looking for precompiled header. Did you forget to add '#include "stdafx.h"' to your source?
  cMainApp.cpp
  cMyRandom.cpp
  cMyWindow.cpp
c:\users\miroslav pešta\documents\visual studio 2015\projects\imaginarium01\imaginarium01\cMyWindow.h(7): fatal error C1083: Cannot open include file: 'SDL.h': No such file or directory
  cFrameBuffer.cpp
GLI\cFrameBuffer.cpp(10): fatal error C1020: unexpected #endif
  cGLSLprogram.cpp
GLI\cGLSLprogram.cpp(10): fatal error C1020: unexpected #endif
  cOpenGLInterface.cpp
GLI\cOpenGLInterface.cpp(8): warning C4627: '#include "GLI/cOpenGLInterface.h"': skipped when looking for precompiled header use
  GLI\cOpenGLInterface.cpp(8): note: Add directive to 'stdafx.h' or rebuild precompiled header
GLI\cOpenGLInterface.cpp(12): warning C4627: '#include <SDL.h>': skipped when looking for precompiled header use
  GLI\cOpenGLInterface.cpp(12): note: Add directive to 'stdafx.h' or rebuild precompiled header
GLI\cOpenGLInterface.cpp(13): warning C4627: '#include <SDL_opengl.h>': skipped when looking for precompiled header use
  GLI\cOpenGLInterface.cpp(13): note: Add directive to 'stdafx.h' or rebuild precompiled header
GLI\cOpenGLInterface.cpp(15): warning C4627: '#include <iostream>': skipped when looking for precompiled header use
  GLI\cOpenGLInterface.cpp(15): note: Add directive to 'stdafx.h' or rebuild precompiled header
GLI\cOpenGLInterface.cpp(126): fatal error C1010: unexpected end of file while looking for precompiled header. Did you forget to add '#include "stdafx.h"' to your source?
  cVertexArrayObject.cpp
GLI\cVertexArrayObject.cpp(10): fatal error C1020: unexpected #endif
  cVertexBufferObject.cpp
GLI\cVertexBufferObject.cpp(10): fatal error C1020: unexpected #endif
  imaginarium01.cpp
imaginarium01.cpp(8): fatal error C1083: Cannot open include file: 'SDL.h': No such file or directory
