c:\users\miroslav pešta\documents\visual studio 2015\projects\imaginarium01\imaginarium01\x64\debug\imaginarium01.pch
c:\users\miroslav pešta\documents\visual studio 2015\projects\imaginarium01\imaginarium01\x64\debug\vc140.pdb
c:\users\miroslav pešta\documents\visual studio 2015\projects\imaginarium01\imaginarium01\x64\debug\vc140.idb
c:\users\miroslav pešta\documents\visual studio 2015\projects\imaginarium01\imaginarium01\x64\debug\stdafx.obj
c:\users\miroslav pešta\documents\visual studio 2015\projects\imaginarium01\imaginarium01\x64\debug\cbaseengineobject.obj
c:\users\miroslav pešta\documents\visual studio 2015\projects\imaginarium01\imaginarium01\x64\debug\ceventhandler.obj
c:\users\miroslav pešta\documents\visual studio 2015\projects\imaginarium01\imaginarium01\x64\debug\cmainapp.obj
c:\users\miroslav pešta\documents\visual studio 2015\projects\imaginarium01\imaginarium01\x64\debug\cmesh.obj
c:\users\miroslav pešta\documents\visual studio 2015\projects\imaginarium01\imaginarium01\x64\debug\cmyrandom.obj
c:\users\miroslav pešta\documents\visual studio 2015\projects\imaginarium01\imaginarium01\x64\debug\cmywindow.obj
c:\users\miroslav pešta\documents\visual studio 2015\projects\imaginarium01\imaginarium01\x64\debug\cobj_loader.obj
c:\users\miroslav pešta\documents\visual studio 2015\projects\imaginarium01\imaginarium01\x64\debug\cframebuffer.obj
c:\users\miroslav pešta\documents\visual studio 2015\projects\imaginarium01\imaginarium01\x64\debug\cglslprogram.obj
c:\users\miroslav pešta\documents\visual studio 2015\projects\imaginarium01\imaginarium01\x64\debug\copenglinterface.obj
c:\users\miroslav pešta\documents\visual studio 2015\projects\imaginarium01\imaginarium01\x64\debug\cvertexarrayobject.obj
c:\users\miroslav pešta\documents\visual studio 2015\projects\imaginarium01\imaginarium01\x64\debug\cvertexbufferobject.obj
c:\users\miroslav pešta\documents\visual studio 2015\projects\imaginarium01\imaginarium01\x64\debug\imaginarium01.obj
c:\users\miroslav pešta\documents\visual studio 2015\projects\imaginarium01\x64\debug\imaginarium01.ilk
c:\users\miroslav pešta\documents\visual studio 2015\projects\imaginarium01\x64\debug\imaginarium01.exe
c:\users\miroslav pešta\documents\visual studio 2015\projects\imaginarium01\x64\debug\imaginarium01.pdb
c:\users\miroslav pešta\documents\visual studio 2015\projects\imaginarium01\imaginarium01\x64\debug\imaginarium01.tlog\cl.command.1.tlog
c:\users\miroslav pešta\documents\visual studio 2015\projects\imaginarium01\imaginarium01\x64\debug\imaginarium01.tlog\cl.read.1.tlog
c:\users\miroslav pešta\documents\visual studio 2015\projects\imaginarium01\imaginarium01\x64\debug\imaginarium01.tlog\cl.write.1.tlog
c:\users\miroslav pešta\documents\visual studio 2015\projects\imaginarium01\imaginarium01\x64\debug\imaginarium01.tlog\link.command.1.tlog
c:\users\miroslav pešta\documents\visual studio 2015\projects\imaginarium01\imaginarium01\x64\debug\imaginarium01.tlog\link.read.1.tlog
c:\users\miroslav pešta\documents\visual studio 2015\projects\imaginarium01\imaginarium01\x64\debug\imaginarium01.tlog\link.write.1.tlog
