c:\users\miroslav pešta\documents\visual studio 2015\projects\imaginarium01\imaginarium01\release\imaginarium01.pch
c:\users\miroslav pešta\documents\visual studio 2015\projects\imaginarium01\imaginarium01\release\vc140.pdb
c:\users\miroslav pešta\documents\visual studio 2015\projects\imaginarium01\imaginarium01\release\stdafx.obj
c:\users\miroslav pešta\documents\visual studio 2015\projects\imaginarium01\imaginarium01\release\cmyrandom.obj
c:\users\miroslav pešta\documents\visual studio 2015\projects\imaginarium01\imaginarium01\release\cmainapp.obj
c:\users\miroslav pešta\documents\visual studio 2015\projects\imaginarium01\imaginarium01\release\imaginarium01.obj
c:\users\miroslav pešta\documents\visual studio 2015\projects\imaginarium01\imaginarium01\release\cmywindow.obj
c:\users\miroslav pešta\documents\visual studio 2015\projects\imaginarium01\imaginarium01\release\ceventhandler.obj
c:\users\miroslav pešta\documents\visual studio 2015\projects\imaginarium01\imaginarium01\release\cvertexbufferobject.obj
c:\users\miroslav pešta\documents\visual studio 2015\projects\imaginarium01\imaginarium01\release\cvertexarrayobject.obj
c:\users\miroslav pešta\documents\visual studio 2015\projects\imaginarium01\imaginarium01\release\copenglinterface.obj
c:\users\miroslav pešta\documents\visual studio 2015\projects\imaginarium01\imaginarium01\release\cglslprogram.obj
c:\users\miroslav pešta\documents\visual studio 2015\projects\imaginarium01\imaginarium01\release\cframebuffer.obj
c:\users\miroslav pešta\documents\visual studio 2015\projects\imaginarium01\release\imaginarium01.exe
c:\users\miroslav pešta\documents\visual studio 2015\projects\imaginarium01\release\imaginarium01.ipdb
c:\users\miroslav pešta\documents\visual studio 2015\projects\imaginarium01\release\imaginarium01.iobj
c:\users\miroslav pešta\documents\visual studio 2015\projects\imaginarium01\release\imaginarium01.pdb
c:\users\miroslav pešta\documents\visual studio 2015\projects\imaginarium01\imaginarium01\release\imaginarium01.tlog\cl.command.1.tlog
c:\users\miroslav pešta\documents\visual studio 2015\projects\imaginarium01\imaginarium01\release\imaginarium01.tlog\cl.read.1.tlog
c:\users\miroslav pešta\documents\visual studio 2015\projects\imaginarium01\imaginarium01\release\imaginarium01.tlog\cl.write.1.tlog
c:\users\miroslav pešta\documents\visual studio 2015\projects\imaginarium01\imaginarium01\release\imaginarium01.tlog\link.command.1.tlog
c:\users\miroslav pešta\documents\visual studio 2015\projects\imaginarium01\imaginarium01\release\imaginarium01.tlog\link.read.1.tlog
c:\users\miroslav pešta\documents\visual studio 2015\projects\imaginarium01\imaginarium01\release\imaginarium01.tlog\link.write.1.tlog
